--- FAIL: TestAddTask (0.01s)
    addtask_4_test.go:140: 
        	Error Trace:	/Users/mzalik/GolandProjects/go_final_project/tests/addtask_4_test.go:140
        	            				/Users/mzalik/GolandProjects/go_final_project/tests/addtask_4_test.go:164
        	Error:      	Received unexpected error:
        	            	sql: no rows in result set
        	Test:       	TestAddTask
    addtask_4_test.go:141: 
        	Error Trace:	/Users/mzalik/GolandProjects/go_final_project/tests/addtask_4_test.go:141
        	            				/Users/mzalik/GolandProjects/go_final_project/tests/addtask_4_test.go:164
        	Error:      	Not equal: 
        	            	expected: "52"
        	            	actual  : "0"
        	            	
        	            	Diff:
        	            	--- Expected
        	            	+++ Actual
        	            	@@ -1 +1 @@
        	            	-52
        	            	+0
        	Test:       	TestAddTask
    addtask_4_test.go:143: 
        	Error Trace:	/Users/mzalik/GolandProjects/go_final_project/tests/addtask_4_test.go:143
        	            				/Users/mzalik/GolandProjects/go_final_project/tests/addtask_4_test.go:164
        	Error:      	Not equal: 
        	            	expected: "Заголовок"
        	            	actual  : ""
        	            	
        	            	Diff:
        	            	--- Expected
        	            	+++ Actual
        	            	@@ -1 +1 @@
        	            	-Заголовок
        	            	+
        	Test:       	TestAddTask
    addtask_4_test.go:147: Дата не может быть меньше сегодняшней { Заголовок  }
    addtask_4_test.go:140: 
        	Error Trace:	/Users/mzalik/GolandProjects/go_final_project/tests/addtask_4_test.go:140
        	            				/Users/mzalik/GolandProjects/go_final_project/tests/addtask_4_test.go:164
        	Error:      	Received unexpected error:
        	            	sql: no rows in result set
        	Test:       	TestAddTask
    addtask_4_test.go:141: 
        	Error Trace:	/Users/mzalik/GolandProjects/go_final_project/tests/addtask_4_test.go:141
        	            				/Users/mzalik/GolandProjects/go_final_project/tests/addtask_4_test.go:164
        	Error:      	Not equal: 
        	            	expected: "53"
        	            	actual  : "0"
        	            	
        	            	Diff:
        	            	--- Expected
        	            	+++ Actual
        	            	@@ -1 +1 @@
        	            	-53
        	            	+0
        	Test:       	TestAddTask
    addtask_4_test.go:143: 
        	Error Trace:	/Users/mzalik/GolandProjects/go_final_project/tests/addtask_4_test.go:143
        	            				/Users/mzalik/GolandProjects/go_final_project/tests/addtask_4_test.go:164
        	Error:      	Not equal: 
        	            	expected: "Сделать что-нибудь"
        	            	actual  : ""
        	            	
        	            	Diff:
        	            	--- Expected
        	            	+++ Actual
        	            	@@ -1 +1 @@
        	            	-Сделать что-нибудь
        	            	+
        	Test:       	TestAddTask
    addtask_4_test.go:144: 
        	Error Trace:	/Users/mzalik/GolandProjects/go_final_project/tests/addtask_4_test.go:144
        	            				/Users/mzalik/GolandProjects/go_final_project/tests/addtask_4_test.go:164
        	Error:      	Not equal: 
        	            	expected: "Хорошо отдохнуть"
        	            	actual  : ""
        	            	
        	            	Diff:
        	            	--- Expected
        	            	+++ Actual
        	            	@@ -1 +1 @@
        	            	-Хорошо отдохнуть
        	            	+
        	Test:       	TestAddTask
    addtask_4_test.go:147: Дата не может быть меньше сегодняшней {20231220 Сделать что-нибудь Хорошо отдохнуть }
    addtask_4_test.go:140: 
        	Error Trace:	/Users/mzalik/GolandProjects/go_final_project/tests/addtask_4_test.go:140
        	            				/Users/mzalik/GolandProjects/go_final_project/tests/addtask_4_test.go:164
        	Error:      	Received unexpected error:
        	            	sql: no rows in result set
        	Test:       	TestAddTask
    addtask_4_test.go:141: 
        	Error Trace:	/Users/mzalik/GolandProjects/go_final_project/tests/addtask_4_test.go:141
        	            				/Users/mzalik/GolandProjects/go_final_project/tests/addtask_4_test.go:164
        	Error:      	Not equal: 
        	            	expected: "54"
        	            	actual  : "0"
        	            	
        	            	Diff:
        	            	--- Expected
        	            	+++ Actual
        	            	@@ -1 +1 @@
        	            	-54
        	            	+0
        	Test:       	TestAddTask
    addtask_4_test.go:143: 
        	Error Trace:	/Users/mzalik/GolandProjects/go_final_project/tests/addtask_4_test.go:143
        	            				/Users/mzalik/GolandProjects/go_final_project/tests/addtask_4_test.go:164
        	Error:      	Not equal: 
        	            	expected: "Уроки"
        	            	actual  : ""
        	            	
        	            	Diff:
        	            	--- Expected
        	            	+++ Actual
        	            	@@ -1 +1 @@
        	            	-Уроки
        	            	+
        	Test:       	TestAddTask
    addtask_4_test.go:145: 
        	Error Trace:	/Users/mzalik/GolandProjects/go_final_project/tests/addtask_4_test.go:145
        	            				/Users/mzalik/GolandProjects/go_final_project/tests/addtask_4_test.go:164
        	Error:      	Not equal: 
        	            	expected: "d 10"
        	            	actual  : ""
        	            	
        	            	Diff:
        	            	--- Expected
        	            	+++ Actual
        	            	@@ -1 +1 @@
        	            	-d 10
        	            	+
        	Test:       	TestAddTask
    addtask_4_test.go:147: Дата не может быть меньше сегодняшней {20240108 Уроки  d 10}
    addtask_4_test.go:140: 
        	Error Trace:	/Users/mzalik/GolandProjects/go_final_project/tests/addtask_4_test.go:140
        	            				/Users/mzalik/GolandProjects/go_final_project/tests/addtask_4_test.go:164
        	Error:      	Received unexpected error:
        	            	sql: no rows in result set
        	Test:       	TestAddTask
    addtask_4_test.go:141: 
        	Error Trace:	/Users/mzalik/GolandProjects/go_final_project/tests/addtask_4_test.go:141
        	            				/Users/mzalik/GolandProjects/go_final_project/tests/addtask_4_test.go:164
        	Error:      	Not equal: 
        	            	expected: "55"
        	            	actual  : "0"
        	            	
        	            	Diff:
        	            	--- Expected
        	            	+++ Actual
        	            	@@ -1 +1 @@
        	            	-55
        	            	+0
        	Test:       	TestAddTask
    addtask_4_test.go:143: 
        	Error Trace:	/Users/mzalik/GolandProjects/go_final_project/tests/addtask_4_test.go:143
        	            				/Users/mzalik/GolandProjects/go_final_project/tests/addtask_4_test.go:164
        	Error:      	Not equal: 
        	            	expected: "Отдых в Сочи"
        	            	actual  : ""
        	            	
        	            	Diff:
        	            	--- Expected
        	            	+++ Actual
        	            	@@ -1 +1 @@
        	            	-Отдых в Сочи
        	            	+
        	Test:       	TestAddTask
    addtask_4_test.go:144: 
        	Error Trace:	/Users/mzalik/GolandProjects/go_final_project/tests/addtask_4_test.go:144
        	            				/Users/mzalik/GolandProjects/go_final_project/tests/addtask_4_test.go:164
        	Error:      	Not equal: 
        	            	expected: "На лыжах"
        	            	actual  : ""
        	            	
        	            	Diff:
        	            	--- Expected
        	            	+++ Actual
        	            	@@ -1 +1 @@
        	            	-На лыжах
        	            	+
        	Test:       	TestAddTask
    addtask_4_test.go:145: 
        	Error Trace:	/Users/mzalik/GolandProjects/go_final_project/tests/addtask_4_test.go:145
        	            				/Users/mzalik/GolandProjects/go_final_project/tests/addtask_4_test.go:164
        	Error:      	Not equal: 
        	            	expected: "y"
        	            	actual  : ""
        	            	
        	            	Diff:
        	            	--- Expected
        	            	+++ Actual
        	            	@@ -1 +1 @@
        	            	-y
        	            	+
        	Test:       	TestAddTask
    addtask_4_test.go:147: Дата не может быть меньше сегодняшней {20240102 Отдых в Сочи На лыжах y}
    addtask_4_test.go:140: 
        	Error Trace:	/Users/mzalik/GolandProjects/go_final_project/tests/addtask_4_test.go:140
        	            				/Users/mzalik/GolandProjects/go_final_project/tests/addtask_4_test.go:164
        	Error:      	Received unexpected error:
        	            	sql: no rows in result set
        	Test:       	TestAddTask
    addtask_4_test.go:141: 
        	Error Trace:	/Users/mzalik/GolandProjects/go_final_project/tests/addtask_4_test.go:141
        	            				/Users/mzalik/GolandProjects/go_final_project/tests/addtask_4_test.go:164
        	Error:      	Not equal: 
        	            	expected: "56"
        	            	actual  : "0"
        	            	
        	            	Diff:
        	            	--- Expected
        	            	+++ Actual
        	            	@@ -1 +1 @@
        	            	-56
        	            	+0
        	Test:       	TestAddTask
    addtask_4_test.go:143: 
        	Error Trace:	/Users/mzalik/GolandProjects/go_final_project/tests/addtask_4_test.go:143
        	            				/Users/mzalik/GolandProjects/go_final_project/tests/addtask_4_test.go:164
        	Error:      	Not equal: 
        	            	expected: "Фитнес"
        	            	actual  : ""
        	            	
        	            	Diff:
        	            	--- Expected
        	            	+++ Actual
        	            	@@ -1 +1 @@
        	            	-Фитнес
        	            	+
        	Test:       	TestAddTask
    addtask_4_test.go:145: 
        	Error Trace:	/Users/mzalik/GolandProjects/go_final_project/tests/addtask_4_test.go:145
        	            				/Users/mzalik/GolandProjects/go_final_project/tests/addtask_4_test.go:164
        	Error:      	Not equal: 
        	            	expected: "d 1"
        	            	actual  : ""
        	            	
        	            	Diff:
        	            	--- Expected
        	            	+++ Actual
        	            	@@ -1 +1 @@
        	            	-d 1
        	            	+
        	Test:       	TestAddTask
    addtask_4_test.go:147: Дата не может быть меньше сегодняшней {20240903 Фитнес  d 1}
    addtask_4_test.go:140: 
        	Error Trace:	/Users/mzalik/GolandProjects/go_final_project/tests/addtask_4_test.go:140
        	            				/Users/mzalik/GolandProjects/go_final_project/tests/addtask_4_test.go:164
        	Error:      	Received unexpected error:
        	            	sql: no rows in result set
        	Test:       	TestAddTask
    addtask_4_test.go:141: 
        	Error Trace:	/Users/mzalik/GolandProjects/go_final_project/tests/addtask_4_test.go:141
        	            				/Users/mzalik/GolandProjects/go_final_project/tests/addtask_4_test.go:164
        	Error:      	Not equal: 
        	            	expected: "57"
        	            	actual  : "0"
        	            	
        	            	Diff:
        	            	--- Expected
        	            	+++ Actual
        	            	@@ -1 +1 @@
        	            	-57
        	            	+0
        	Test:       	TestAddTask
    addtask_4_test.go:143: 
        	Error Trace:	/Users/mzalik/GolandProjects/go_final_project/tests/addtask_4_test.go:143
        	            				/Users/mzalik/GolandProjects/go_final_project/tests/addtask_4_test.go:164
        	Error:      	Not equal: 
        	            	expected: "Шмитнес"
        	            	actual  : ""
        	            	
        	            	Diff:
        	            	--- Expected
        	            	+++ Actual
        	            	@@ -1 +1 @@
        	            	-Шмитнес
        	            	+
        	Test:       	TestAddTask
    addtask_4_test.go:147: Дата не может быть меньше сегодняшней {20240903 Шмитнес  }
--- FAIL: TestNextDate (0.00s)
    nextdate_3_test.go:51: 
        	Error Trace:	/Users/mzalik/GolandProjects/go_final_project/tests/nextdate_3_test.go:51
        	            				/Users/mzalik/GolandProjects/go_final_project/tests/nextdate_3_test.go:55
        	Error:      	Not equal: 
        	            	expected: "20260701"
        	            	actual  : "20250701"
        	            	
        	            	Diff:
        	            	--- Expected
        	            	+++ Actual
        	            	@@ -1 +1 @@
        	            	-20260701
        	            	+20250701
        	Test:       	TestNextDate
        	Messages:   	{"20250701", "y", "20260701"}
    nextdate_3_test.go:51: 
        	Error Trace:	/Users/mzalik/GolandProjects/go_final_project/tests/nextdate_3_test.go:51
        	            				/Users/mzalik/GolandProjects/go_final_project/tests/nextdate_3_test.go:55
        	Error:      	Not equal: 
        	            	expected: "20250301"
        	            	actual  : "20240229"
        	            	
        	            	Diff:
        	            	--- Expected
        	            	+++ Actual
        	            	@@ -1 +1 @@
        	            	-20250301
        	            	+20240229
        	Test:       	TestNextDate
        	Messages:   	{"20240229", "y", "20250301"}
    nextdate_3_test.go:51: 
        	Error Trace:	/Users/mzalik/GolandProjects/go_final_project/tests/nextdate_3_test.go:51
        	            				/Users/mzalik/GolandProjects/go_final_project/tests/nextdate_3_test.go:55
        	Error:      	Not equal: 
        	            	expected: "20250301"
        	            	actual  : "20240301"
        	            	
        	            	Diff:
        	            	--- Expected
        	            	+++ Actual
        	            	@@ -1 +1 @@
        	            	-20250301
        	            	+20240301
        	Test:       	TestNextDate
        	Messages:   	{"20240301", "y", "20250301"}
    nextdate_3_test.go:51: 
        	Error Trace:	/Users/mzalik/GolandProjects/go_final_project/tests/nextdate_3_test.go:51
        	            				/Users/mzalik/GolandProjects/go_final_project/tests/nextdate_3_test.go:55
        	Error:      	Not equal: 
        	            	expected: "20240303"
        	            	actual  : "20240202"
        	            	
        	            	Diff:
        	            	--- Expected
        	            	+++ Actual
        	            	@@ -1 +1 @@
        	            	-20240303
        	            	+20240202
        	Test:       	TestNextDate
        	Messages:   	{"20240202", "d 30", "20240303"}
    nextdate_3_test.go:51: 
        	Error Trace:	/Users/mzalik/GolandProjects/go_final_project/tests/nextdate_3_test.go:51
        	            				/Users/mzalik/GolandProjects/go_final_project/tests/nextdate_3_test.go:55
        	Error:      	Not equal: 
        	            	expected: "20240229"
        	            	actual  : "20240228"
        	            	
        	            	Diff:
        	            	--- Expected
        	            	+++ Actual
        	            	@@ -1 +1 @@
        	            	-20240229
        	            	+20240228
        	Test:       	TestNextDate
        	Messages:   	{"20240228", "d 1", "20240229"}
--- FAIL: TestEditTask (0.00s)
    task_6_test.go:95: 
        	Error Trace:	/Users/mzalik/GolandProjects/go_final_project/tests/task_6_test.go:95
        	Error:      	Should not be: 0
        	Test:       	TestEditTask
        	Messages:   	Ожидается ошибка для значения {abc {20240129 Тест  }}
    task_6_test.go:95: 
        	Error Trace:	/Users/mzalik/GolandProjects/go_final_project/tests/task_6_test.go:95
        	Error:      	Should not be: 0
        	Test:       	TestEditTask
        	Messages:   	Ожидается ошибка для значения {7645346343 {20240129 Тест  }}
    task_6_test.go:107: 
        	Error Trace:	/Users/mzalik/GolandProjects/go_final_project/tests/task_6_test.go:107
        	            				/Users/mzalik/GolandProjects/go_final_project/tests/task_6_test.go:125
        	Error:      	Received unexpected error:
        	            	sql: no rows in result set
        	Test:       	TestEditTask
    task_6_test.go:109: 
        	Error Trace:	/Users/mzalik/GolandProjects/go_final_project/tests/task_6_test.go:109
        	            				/Users/mzalik/GolandProjects/go_final_project/tests/task_6_test.go:125
        	Error:      	Not equal: 
        	            	expected: "59"
        	            	actual  : "0"
        	            	
        	            	Diff:
        	            	--- Expected
        	            	+++ Actual
        	            	@@ -1 +1 @@
        	            	-59
        	            	+0
        	Test:       	TestEditTask
    task_6_test.go:110: 
        	Error Trace:	/Users/mzalik/GolandProjects/go_final_project/tests/task_6_test.go:110
        	            				/Users/mzalik/GolandProjects/go_final_project/tests/task_6_test.go:125
        	Error:      	Not equal: 
        	            	expected: "Заказать хинкали"
        	            	actual  : ""
        	            	
        	            	Diff:
        	            	--- Expected
        	            	+++ Actual
        	            	@@ -1 +1 @@
        	            	-Заказать хинкали
        	            	+
        	Test:       	TestEditTask
    task_6_test.go:117: 
        	Error Trace:	/Users/mzalik/GolandProjects/go_final_project/tests/task_6_test.go:117
        	            				/Users/mzalik/GolandProjects/go_final_project/tests/task_6_test.go:125
        	Error:      	Not equal: 
        	            	expected: "в 18:00"
        	            	actual  : ""
        	            	
        	            	Diff:
        	            	--- Expected
        	            	+++ Actual
        	            	@@ -1 +1 @@
        	            	-в 18:00
        	            	+
        	Test:       	TestEditTask
    task_6_test.go:118: 
        	Error Trace:	/Users/mzalik/GolandProjects/go_final_project/tests/task_6_test.go:118
        	            				/Users/mzalik/GolandProjects/go_final_project/tests/task_6_test.go:125
        	Error:      	Not equal: 
        	            	expected: "d 7"
        	            	actual  : ""
        	            	
        	            	Diff:
        	            	--- Expected
        	            	+++ Actual
        	            	@@ -1 +1 @@
        	            	-d 7
        	            	+
        	Test:       	TestEditTask
    task_6_test.go:121: Дата не может быть меньше сегодняшней
--- FAIL: TestDone (0.00s)
    task_7_test.go:49: 
        	Error Trace:	/Users/mzalik/GolandProjects/go_final_project/tests/task_7_test.go:49
        	Error:      	Received unexpected error:
        	            	sql: no rows in result set
        	Test:       	TestDone
    task_7_test.go:51: 
        	Error Trace:	/Users/mzalik/GolandProjects/go_final_project/tests/task_7_test.go:51
        	Error:      	Not equal: 
        	            	expected: ""
        	            	actual  : "20240906"
        	            	
        	            	Diff:
        	            	--- Expected
        	            	+++ Actual
        	            	@@ -1 +1 @@
        	            	-
        	            	+20240906
        	Test:       	TestDone
    task_7_test.go:49: 
        	Error Trace:	/Users/mzalik/GolandProjects/go_final_project/tests/task_7_test.go:49
        	Error:      	Received unexpected error:
        	            	sql: no rows in result set
        	Test:       	TestDone
    task_7_test.go:51: 
        	Error Trace:	/Users/mzalik/GolandProjects/go_final_project/tests/task_7_test.go:51
        	Error:      	Not equal: 
        	            	expected: ""
        	            	actual  : "20240909"
        	            	
        	            	Diff:
        	            	--- Expected
        	            	+++ Actual
        	            	@@ -1 +1 @@
        	            	-
        	            	+20240909
        	Test:       	TestDone
    task_7_test.go:49: 
        	Error Trace:	/Users/mzalik/GolandProjects/go_final_project/tests/task_7_test.go:49
        	Error:      	Received unexpected error:
        	            	sql: no rows in result set
        	Test:       	TestDone
    task_7_test.go:51: 
        	Error Trace:	/Users/mzalik/GolandProjects/go_final_project/tests/task_7_test.go:51
        	Error:      	Not equal: 
        	            	expected: ""
        	            	actual  : "20240912"
        	            	
        	            	Diff:
        	            	--- Expected
        	            	+++ Actual
        	            	@@ -1 +1 @@
        	            	-
        	            	+20240912
        	Test:       	TestDone
--- FAIL: TestDelTask (0.00s)
    task_7_test.go:74: 
        	Error Trace:	/Users/mzalik/GolandProjects/go_final_project/tests/task_7_test.go:74
        	Error:      	Should NOT be empty, but was map[]
        	Test:       	TestDelTask
--- FAIL: TestTasks (0.01s)
    tasks_5_test.go:51: 
        	Error Trace:	/Users/mzalik/GolandProjects/go_final_project/tests/tasks_5_test.go:51
        	Error:      	Should be empty, but was [map[comment: date:20240903 id:1 repeat: title:Заголовок] map[comment:Хорошо отдохнуть date:20240903 id:2 repeat: title:Сделать что-нибудь] map[comment: date:20240903 id:5 repeat:d 1 title:Фитнес] map[comment: date:20240903 id:6 repeat: title:Шмитнес] map[comment:Обсуждение планов date:20240903 id:7 repeat:d 5 title:Созвон в 16:00] map[comment:в 18:00 date:20240903 id:8 repeat:d 7 title:Заказать хинкали] map[comment: date:20240903 id:10 repeat:d 3 title:Проверить работу /api/task/done] map[comment:с попкорном date:20240903 id:12 repeat: title:Просмотр фильма] map[comment: date:20240903 id:18 repeat: title:Заголовок] map[comment:Хорошо отдохнуть date:20240903 id:19 repeat: title:Сделать что-нибудь] map[comment: date:20240903 id:22 repeat:d 1 title:Фитнес] map[comment: date:20240903 id:23 repeat: title:Шмитнес] map[comment:Обсуждение планов date:20240903 id:24 repeat:d 5 title:Созвон в 16:00] map[comment:в 18:00 date:20240903 id:25 repeat:d 7 title:Заказать хинкали] map[comment: date:20240903 id:27 repeat:d 3 title:Проверить работу /api/task/done] map[comment:с попкорном date:20240903 id:29 repeat: title:Просмотр фильма] map[comment: date:20240903 id:35 repeat: title:Заголовок] map[comment:Хорошо отдохнуть date:20240903 id:36 repeat: title:Сделать что-нибудь] map[comment: date:20240903 id:39 repeat:d 1 title:Фитнес] map[comment: date:20240903 id:40 repeat: title:Шмитнес] map[comment:Обсуждение планов date:20240903 id:41 repeat:d 5 title:Созвон в 16:00] map[comment:в 18:00 date:20240903 id:42 repeat:d 7 title:Заказать хинкали] map[comment: date:20240903 id:44 repeat:d 3 title:Проверить работу /api/task/done] map[comment:с попкорном date:20240903 id:46 repeat: title:Просмотр фильма] map[comment: date:20240903 id:52 repeat: title:Заголовок] map[comment:Хорошо отдохнуть date:20240903 id:53 repeat: title:Сделать что-нибудь] map[comment: date:20240903 id:56 repeat:d 1 title:Фитнес] map[comment: date:20240903 id:57 repeat: title:Шмитнес] map[comment:Обсуждение планов date:20240903 id:58 repeat:d 5 title:Созвон в 16:00] map[comment:в 18:00 date:20240903 id:59 repeat:d 7 title:Заказать хинкали] map[comment: date:20240903 id:61 repeat:d 3 title:Проверить работу /api/task/done] map[comment: date:20240904 id:3 repeat:d 10 title:Уроки] map[comment: date:20240904 id:13 repeat: title:Сходить в бассейн] map[comment: date:20240904 id:14 repeat:d 30 title:Оплатить коммуналку] map[comment: date:20240904 id:20 repeat:d 10 title:Уроки] map[comment: date:20240904 id:30 repeat: title:Сходить в бассейн] map[comment: date:20240904 id:31 repeat:d 30 title:Оплатить коммуналку] map[comment: date:20240904 id:37 repeat:d 10 title:Уроки] map[comment: date:20240904 id:47 repeat: title:Сходить в бассейн] map[comment: date:20240904 id:48 repeat:d 30 title:Оплатить коммуналку] map[comment: date:20240904 id:54 repeat:d 10 title:Уроки] map[comment:Бассейн с тренером date:20240906 id:15 repeat:d 7 title:Поплавать] map[comment:Разобраться с горячей водой date:20240906 id:16 repeat: title:Позвонить в УК] map[comment:в 18:00 date:20240906 id:17 repeat: title:Встретится с Васей] map[comment:Бассейн с тренером date:20240906 id:32 repeat:d 7 title:Поплавать] map[comment:Разобраться с горячей водой date:20240906 id:33 repeat: title:Позвонить в УК] map[comment:в 18:00 date:20240906 id:34 repeat: title:Встретится с Васей] map[comment:Бассейн с тренером date:20240906 id:49 repeat:d 7 title:Поплавать] map[comment:Разобраться с горячей водой date:20240906 id:50 repeat: title:Позвонить в УК] map[comment:в 18:00 date:20240906 id:51 repeat: title:Встретится с Васей]]
        	Test:       	TestTasks
    tasks_5_test.go:74: 
        	Error Trace:	/Users/mzalik/GolandProjects/go_final_project/tests/tasks_5_test.go:74
        	Error:      	Not equal: 
        	            	expected: 50
        	            	actual  : 3
        	Test:       	TestTasks
    tasks_5_test.go:98: 
        	Error Trace:	/Users/mzalik/GolandProjects/go_final_project/tests/tasks_5_test.go:98
        	Error:      	Not equal: 
        	            	expected: 50
        	            	actual  : 6
        	Test:       	TestTasks
FAIL
FAIL	bigProject/tests	0.359s
FAIL
